Watching for file changes with StatReloader
Performing system checks...

System check identified some issues:

WARNINGS:
todos.Todo: (models.W042) Auto-created primary key used when not defining a primary key type, by default 'django.db.models.AutoField'.
	HINT: Configure the DEFAULT_AUTO_FIELD setting or the TodosConfig.default_auto_field attribute to point to a subclass of AutoField, e.g. 'django.db.models.BigAutoField'.

System check identified 1 issue (0 silenced).
Error: That port is already in use.
Watching for file changes with StatReloader
Performing system checks...

System check identified some issues:

WARNINGS:
todos.Todo: (models.W042) Auto-created primary key used when not defining a primary key type, by default 'django.db.models.AutoField'.
	HINT: Configure the DEFAULT_AUTO_FIELD setting or the TodosConfig.default_auto_field attribute to point to a subclass of AutoField, e.g. 'django.db.models.BigAutoField'.

System check identified 1 issue (0 silenced).
Error: That port is already in use.
Watching for file changes with StatReloader
Performing system checks...

System check identified some issues:

WARNINGS:
todos.Todo: (models.W042) Auto-created primary key used when not defining a primary key type, by default 'django.db.models.AutoField'.
	HINT: Configure the DEFAULT_AUTO_FIELD setting or the TodosConfig.default_auto_field attribute to point to a subclass of AutoField, e.g. 'django.db.models.BigAutoField'.

System check identified 1 issue (0 silenced).
August 14, 2023 - 11:06:31
Django version 4.2.4, using settings 'todoApp.settings'
Starting development server at http://0.0.0.0:8001/
Quit the server with CONTROL-C.

[14/Aug/2023 11:06:49] "GET /todos/ HTTP/1.1" 200 4100
Not Found: /favicon.ico
[14/Aug/2023 11:06:49] "GET /favicon.ico HTTP/1.1" 404 2574
[14/Aug/2023 11:06:50] "GET /todos/ HTTP/1.1" 200 4100
[14/Aug/2023 11:06:50] "GET /todos/ HTTP/1.1" 200 4100
Not Found: /favicon.ico
[14/Aug/2023 11:06:50] "GET /favicon.ico HTTP/1.1" 404 2574
[14/Aug/2023 11:06:50] "GET /todos/ HTTP/1.1" 200 4100
Watching for file changes with StatReloader
Performing system checks...

System check identified some issues:

WARNINGS:
todos.Todo: (models.W042) Auto-created primary key used when not defining a primary key type, by default 'django.db.models.AutoField'.
	HINT: Configure the DEFAULT_AUTO_FIELD setting or the TodosConfig.default_auto_field attribute to point to a subclass of AutoField, e.g. 'django.db.models.BigAutoField'.

System check identified 1 issue (0 silenced).
August 14, 2023 - 11:07:08
Django version 4.2.4, using settings 'todoApp.settings'
Starting development server at http://0.0.0.0:8001/
Quit the server with CONTROL-C.

[14/Aug/2023 11:07:11] "GET /todos/ HTTP/1.1" 200 4100
[14/Aug/2023 11:07:12] "GET /todos/ HTTP/1.1" 200 4100
[14/Aug/2023 11:07:13] "GET /todos/ HTTP/1.1" 200 4100
Not Found: /favicon.ico
[14/Aug/2023 11:07:13] "GET /favicon.ico HTTP/1.1" 404 2574
[14/Aug/2023 11:07:14] "GET /todos/3/delete HTTP/1.1" 302 0
[14/Aug/2023 11:07:15] "GET /todos/ HTTP/1.1" 200 3505
[14/Aug/2023 11:14:49] "GET /todos/ HTTP/1.1" 200 3505
[14/Aug/2023 11:14:50] "GET /static/css/style.css HTTP/1.1" 200 225
Not Found: /favicon.ico
[14/Aug/2023 11:14:50] "GET /favicon.ico HTTP/1.1" 404 2574
